<?xml version="1.0" encoding="UTF-8"?>
<testsuite name="com.bridgelabz.NIOFileAPITest" tests="1" skipped="0" failures="0" errors="0" timestamp="2021-03-31T05:42:52" hostname="LAPTOP-FPFKM2LM" time="0.114">
  <properties/>
  <testcase name="givenPathWhenCheckedThenConfirm()" classname="com.bridgelabz.NIOFileAPITest" time="0.114"/>
  <system-out><![CDATA[C:\Users\Jai Balaji\Desktop\EmployeePayrollServices_java_IO
C:\Users\Jai Balaji\Desktop\EmployeePayrollServices_java_IO\TempPlayGround\temp1
C:\Users\Jai Balaji\Desktop\EmployeePayrollServices_java_IO\TempPlayGround\temp2
C:\Users\Jai Balaji\Desktop\EmployeePayrollServices_java_IO\TempPlayGround\temp3
C:\Users\Jai Balaji\Desktop\EmployeePayrollServices_java_IO\TempPlayGround\temp4
C:\Users\Jai Balaji\Desktop\EmployeePayrollServices_java_IO\TempPlayGround\temp5
C:\Users\Jai Balaji\Desktop\EmployeePayrollServices_java_IO\TempPlayGround\temp6
C:\Users\Jai Balaji\Desktop\EmployeePayrollServices_java_IO\TempPlayGround\temp7
C:\Users\Jai Balaji\Desktop\EmployeePayrollServices_java_IO\TempPlayGround\temp8
C:\Users\Jai Balaji\Desktop\EmployeePayrollServices_java_IO\TempPlayGround\temp9
C:\Users\Jai Balaji\Desktop\EmployeePayrollServices_java_IO\TempPlayGround\temp1
C:\Users\Jai Balaji\Desktop\EmployeePayrollServices_java_IO\TempPlayGround\temp2
C:\Users\Jai Balaji\Desktop\EmployeePayrollServices_java_IO\TempPlayGround\temp3
C:\Users\Jai Balaji\Desktop\EmployeePayrollServices_java_IO\TempPlayGround\temp4
C:\Users\Jai Balaji\Desktop\EmployeePayrollServices_java_IO\TempPlayGround\temp5
C:\Users\Jai Balaji\Desktop\EmployeePayrollServices_java_IO\TempPlayGround\temp6
C:\Users\Jai Balaji\Desktop\EmployeePayrollServices_java_IO\TempPlayGround\temp7
C:\Users\Jai Balaji\Desktop\EmployeePayrollServices_java_IO\TempPlayGround\temp8
C:\Users\Jai Balaji\Desktop\EmployeePayrollServices_java_IO\TempPlayGround\temp9
]]></system-out>
  <system-err><![CDATA[]]></system-err>
</testsuite>
